0 info it worked if it ends with ok
1 verbose cli [ '/Users/nonniemartin/.nvm/versions/node/v6.11.3/bin/node',
1 verbose cli   '/Users/nonniemartin/.nvm/versions/node/v6.11.3/bin/npm',
1 verbose cli   'init',
1 verbose cli   '-y' ]
2 info using npm@3.10.10
3 info using node@v6.11.3
4 verbose config Skipping project config: /Users/nonniemartin/.npmrc. (matches userconfig)
5 silly package data undefined
6 info init written successfully
7 verbose stack Error: Invalid name: "crud store"
7 verbose stack     at ensureValidName (/Users/nonniemartin/.nvm/versions/node/v6.11.3/lib/node_modules/npm/node_modules/normalize-package-data/lib/fixer.js:336:15)
7 verbose stack     at Object.fixNameField (/Users/nonniemartin/.nvm/versions/node/v6.11.3/lib/node_modules/npm/node_modules/normalize-package-data/lib/fixer.js:215:5)
7 verbose stack     at /Users/nonniemartin/.nvm/versions/node/v6.11.3/lib/node_modules/npm/node_modules/normalize-package-data/lib/normalize.js:32:38
7 verbose stack     at Array.forEach (native)
7 verbose stack     at normalize (/Users/nonniemartin/.nvm/versions/node/v6.11.3/lib/node_modules/npm/node_modules/normalize-package-data/lib/normalize.js:31:15)
7 verbose stack     at final (/Users/nonniemartin/.nvm/versions/node/v6.11.3/lib/node_modules/npm/node_modules/read-package-json/read-json.js:349:5)
7 verbose stack     at then (/Users/nonniemartin/.nvm/versions/node/v6.11.3/lib/node_modules/npm/node_modules/read-package-json/read-json.js:124:5)
7 verbose stack     at ReadFileContext.<anonymous> (/Users/nonniemartin/.nvm/versions/node/v6.11.3/lib/node_modules/npm/node_modules/read-package-json/read-json.js:295:20)
7 verbose stack     at ReadFileContext.callback (/Users/nonniemartin/.nvm/versions/node/v6.11.3/lib/node_modules/npm/node_modules/graceful-fs/graceful-fs.js:78:16)
7 verbose stack     at FSReqWrap.readFileAfterOpen [as oncomplete] (fs.js:367:13)
8 verbose cwd /Users/nonniemartin/Desktop/dev/assignments/crud store
9 error Darwin 16.7.0
10 error argv "/Users/nonniemartin/.nvm/versions/node/v6.11.3/bin/node" "/Users/nonniemartin/.nvm/versions/node/v6.11.3/bin/npm" "init" "-y"
11 error node v6.11.3
12 error npm  v3.10.10
13 error Invalid name: "crud store"
14 error If you need help, you may report this error at:
14 error     <https://github.com/npm/npm/issues>
15 verbose exit [ 1, true ]
